SF:lib/provider/calculator_provider.dart
DA:13,0
DA:14,0
DA:15,0
DA:16,0
DA:17,0
DA:20,1
DA:21,2
DA:22,1
DA:25,1
DA:26,2
DA:27,1
DA:30,1
DA:31,1
DA:32,1
DA:35,1
DA:36,1
DA:37,1
DA:40,1
DA:41,1
DA:42,1
DA:45,0
DA:46,0
DA:47,0
DA:48,0
DA:52,1
DA:55,4
DA:56,1
DA:57,1
DA:58,1
DA:59,1
DA:61,2
DA:62,2
DA:63,3
LF:33
LH:24
end_of_record
SF:lib/provider/theme_provider.dart
DA:9,3
DA:11,0
DA:12,0
DA:13,0
DA:16,0
DA:17,0
DA:18,0
DA:21,0
DA:22,0
DA:23,0
DA:24,0
LF:11
LH:1
end_of_record
SF:lib/main.dart
DA:9,0
DA:11,0
DA:12,0
DA:13,0
DA:16,0
DA:17,0
DA:18,0
DA:19,0
DA:20,0
DA:29,1
DA:32,0
DA:34,0
DA:36,0
DA:40,0
DA:41,0
DA:48,3
DA:61,1
DA:62,1
DA:71,1
DA:75,1
DA:77,2
DA:78,2
DA:79,2
DA:81,1
DA:82,1
DA:83,3
DA:84,1
DA:85,1
DA:88,1
DA:89,1
DA:90,1
DA:92,1
DA:93,1
DA:94,1
DA:95,1
DA:100,1
DA:102,1
DA:103,4
DA:111,1
DA:112,1
DA:113,1
DA:114,1
DA:115,1
DA:117,1
DA:119,0
DA:120,0
DA:123,0
DA:124,0
DA:133,0
DA:143,1
DA:145,1
DA:147,0
DA:148,0
DA:151,0
DA:152,0
DA:157,1
DA:159,1
DA:161,0
DA:162,0
DA:166,0
DA:167,0
DA:171,1
DA:173,1
DA:175,0
DA:176,0
DA:180,0
DA:181,0
DA:187,1
DA:188,1
DA:189,1
DA:191,1
DA:193,0
DA:194,0
DA:198,0
DA:199,0
DA:203,1
DA:205,1
DA:207,0
DA:208,0
DA:212,0
DA:213,0
DA:218,1
DA:220,1
DA:222,0
DA:223,0
DA:227,0
DA:228,0
DA:232,1
DA:234,1
DA:235,0
DA:239,0
DA:240,0
DA:246,1
DA:247,1
DA:248,1
DA:250,1
DA:252,0
DA:253,0
DA:257,0
DA:258,0
DA:262,1
DA:264,1
DA:266,0
DA:267,0
DA:271,0
DA:272,0
DA:276,1
DA:278,1
DA:280,0
DA:281,0
DA:285,0
DA:286,0
DA:290,1
DA:292,1
DA:294,1
DA:295,2
DA:299,1
DA:300,1
DA:306,1
DA:307,1
DA:308,1
DA:310,1
DA:311,1
DA:312,1
DA:313,1
DA:314,1
DA:316,1
DA:318,1
DA:319,2
DA:323,1
DA:324,1
DA:328,1
DA:330,1
DA:332,0
DA:333,0
DA:337,0
DA:338,0
DA:342,1
DA:344,1
DA:346,0
DA:347,0
DA:351,0
DA:352,0
DA:358,1
DA:359,1
DA:360,1
DA:362,1
DA:364,0
DA:365,0
DA:369,0
DA:370,0
DA:374,1
DA:376,1
DA:378,0
DA:379,0
DA:383,0
DA:384,0
DA:393,1
DA:395,1
DA:400,1
DA:406,1
DA:407,1
DA:408,0
DA:409,0
DA:412,2
DA:416,1
DA:417,1
DA:418,1
DA:520,1
DA:528,1
DA:536,1
DA:538,1
DA:540,1
DA:541,1
DA:542,1
DA:543,1
DA:544,1
DA:546,2
DA:548,3
DA:550,1
DA:551,1
DA:552,1
DA:553,1
DA:555,1
DA:585,1
DA:587,1
DA:588,1
DA:590,1
DA:591,1
DA:592,1
DA:593,0
DA:594,0
LF:192
LH:114
end_of_record
SF:lib/style/my_themes.dart
DA:8,1
DA:17,0
DA:18,0
DA:19,0
DA:20,0
DA:21,0
DA:22,0
DA:23,0
DA:28,0
DA:31,0
DA:32,0
DA:33,0
DA:37,0
DA:38,0
DA:45,0
DA:47,0
DA:48,0
DA:49,0
DA:62,0
DA:65,0
DA:66,0
DA:84,0
DA:86,0
DA:87,0
DA:88,0
DA:106,0
DA:109,0
DA:110,0
DA:127,0
DA:129,0
DA:130,0
DA:131,0
LF:32
LH:1
end_of_record
